0 info it worked if it ends with ok
1 verbose cli [ '/usr/bin/node',
1 verbose cli   '/usr/bin/npm',
1 verbose cli   'install',
1 verbose cli   '-g',
1 verbose cli   'express-namespace' ]
2 info using npm@2.0.0
3 info using node@v0.10.31
4 verbose cache add [ 'express-namespace', null ]
5 verbose cache add spec="express-namespace" args=["express-namespace",null]
6 verbose parsed spec { raw: 'express-namespace',
6 verbose parsed spec   scope: null,
6 verbose parsed spec   name: 'express-namespace',
6 verbose parsed spec   rawSpec: '',
6 verbose parsed spec   spec: '*',
6 verbose parsed spec   type: 'range' }
7 verbose parsed spec { raw: 'express-namespace',
7 verbose parsed spec   scope: null,
7 verbose parsed spec   name: 'express-namespace',
7 verbose parsed spec   rawSpec: '',
7 verbose parsed spec   spec: '*',
7 verbose parsed spec   type: 'range' }
8 verbose addNamed [ 'express-namespace', '*' ]
9 verbose addNamed [ null, '*' ]
10 silly lockFile a91c2542-express-namespace express-namespace@*
11 verbose lock express-namespace@* /home/wlainer/.npm/a91c2542-express-namespace.lock
12 silly addNameRange { name: 'express-namespace', range: '*', hasData: false }
13 verbose mapToRegistry name express-namespace
14 verbose mapToRegistry uri https://registry.npmjs.org/express-namespace
15 verbose request on initialization, where is /express-namespace
16 verbose request after pass 1, where is /express-namespace
17 verbose request url raw /express-namespace
18 verbose request resolving registry [ 'https://registry.npmjs.org/', './express-namespace' ]
19 verbose request after pass 2, where is https://registry.npmjs.org/express-namespace
20 verbose request no auth needed
21 info attempt registry request try #1 at 21:55:40
22 verbose request id 89cdfb66786f1352
23 http request GET https://registry.npmjs.org/express-namespace
24 http 200 https://registry.npmjs.org/express-namespace
25 silly registry.get cb [ 200,
25 silly registry.get   { date: 'Fri, 19 Sep 2014 00:55:41 GMT',
25 silly registry.get     server: 'CouchDB/1.5.0 (Erlang OTP/R16B03)',
25 silly registry.get     etag: '"ALTLPDFF6PKW8VCCRX1K2FBJ2"',
25 silly registry.get     'content-type': 'application/json',
25 silly registry.get     'cache-control': 'max-age=60',
25 silly registry.get     'content-length': '10427',
25 silly registry.get     'accept-ranges': 'bytes',
25 silly registry.get     via: '1.1 varnish',
25 silly registry.get     age: '2841',
25 silly registry.get     'x-served-by': 'cache-jfk1030-JFK',
25 silly registry.get     'x-cache': 'HIT',
25 silly registry.get     'x-cache-hits': '1',
25 silly registry.get     'x-timer': 'S1411088141.101829,VS0,VE13',
25 silly registry.get     vary: 'Accept',
25 silly registry.get     'keep-alive': 'timeout=10, max=50',
25 silly registry.get     connection: 'Keep-Alive' } ]
26 silly addNameRange number 2 { name: 'express-namespace', range: '*', hasData: true }
27 silly addNameRange versions [ 'express-namespace',
27 silly addNameRange   [ '0.0.1', '0.0.2', '0.0.3', '0.0.4', '0.1.0', '0.1.1' ] ]
28 verbose addNamed [ 'express-namespace', '0.1.1' ]
29 verbose addNamed [ '0.1.1', '0.1.1' ]
30 silly lockFile 5b7f60d5-express-namespace-0-1-1 express-namespace@0.1.1
31 verbose lock express-namespace@0.1.1 /home/wlainer/.npm/5b7f60d5-express-namespace-0-1-1.lock
32 silly lockFile 87cce13e-pace-express-namespace-0-1-1-tgz https://registry.npmjs.org/express-namespace/-/express-namespace-0.1.1.tgz
33 verbose lock https://registry.npmjs.org/express-namespace/-/express-namespace-0.1.1.tgz /home/wlainer/.npm/87cce13e-pace-express-namespace-0-1-1-tgz.lock
34 verbose addRemoteTarball [ 'https://registry.npmjs.org/express-namespace/-/express-namespace-0.1.1.tgz',
34 verbose addRemoteTarball   'c49850a74cea16ed94ba85637401d866c61b19f1' ]
35 info retry fetch attempt 1 at 21:55:41
36 info attempt registry request try #1 at 21:55:41
37 http fetch GET https://registry.npmjs.org/express-namespace/-/express-namespace-0.1.1.tgz
38 http fetch 200 https://registry.npmjs.org/express-namespace/-/express-namespace-0.1.1.tgz
39 silly fetchAndShaCheck shasum c49850a74cea16ed94ba85637401d866c61b19f1
40 silly lockFile 87cce13e-pace-express-namespace-0-1-1-tgz https://registry.npmjs.org/express-namespace/-/express-namespace-0.1.1.tgz
41 silly lockFile 87cce13e-pace-express-namespace-0-1-1-tgz https://registry.npmjs.org/express-namespace/-/express-namespace-0.1.1.tgz
42 silly lockFile 5b7f60d5-express-namespace-0-1-1 express-namespace@0.1.1
43 silly lockFile 5b7f60d5-express-namespace-0-1-1 express-namespace@0.1.1
44 silly lockFile a91c2542-express-namespace express-namespace@*
45 silly lockFile a91c2542-express-namespace express-namespace@*
46 silly resolved [ { name: 'express-namespace',
46 silly resolved     description: 'Express namespaced routes extension',
46 silly resolved     version: '0.1.1',
46 silly resolved     author: { name: 'TJ Holowaychuk', email: 'tj@vision-media.ca' },
46 silly resolved     keywords: [ 'express' ],
46 silly resolved     main: 'index',
46 silly resolved     dependencies: { methods: '0.0.1' },
46 silly resolved     devDependencies: { express: '3.x', ejs: '*', mocha: '*', supertest: '*' },
46 silly resolved     _id: 'express-namespace@0.1.1',
46 silly resolved     dist:
46 silly resolved      { shasum: 'c49850a74cea16ed94ba85637401d866c61b19f1',
46 silly resolved        tarball: 'http://registry.npmjs.org/express-namespace/-/express-namespace-0.1.1.tgz' },
46 silly resolved     readme: '\n# Express Contrib\n      \nThe _express-namespace_ module provides namespace capabilities to express.\n\n## Installation\n\nnpm:\n\n    $ npm install express-namespace\n\n## Usage\n\n The example below may respond to any of the following requests:\n\n    GET /forum/12\n    GET /forum/12/view\n    GET /forum/12/edit\n    GET /forum/12/thread/5\n    DELETE /forum/12\n\nTo utilize this module simply `require(\'express-namespace\')` and `app.namespace()` will automatically be available to you.\n\nUsage is as follows, simply pass a callback function and route to the method, after each callback invocation is complete, the namespace is restored to it\'s previous state.\n\n    app.namespace(\'/forum/:id\', function(){\n      app.get(\'/(view)?\', function(req, res){\n        res.send(\'GET forum \' + req.params.id);\n      });\n      \n      app.get(\'/edit\', function(req, res){\n        res.send(\'GET forum \' + req.params.id + \' edit page\');\n      });\n\n      app.namespace(\'/thread\', function(){\n        app.get(\'/:tid\', function(req, res){\n          res.send(\'GET forum \' + req.params.id + \' thread \' + req.params.tid);\n        });\n      });\n\n      app.del(\'/\', function(req, res){\n        res.send(\'DELETE forum \' + req.params.id);\n      });\n    });\n\nYou can also access the current namespace via `app.currentNamespace`;\n\n## Running Tests\n\nFirst make sure you have the submodules:\n\n    $ git submodule update --init\n\nThen run the tests:\n\n    $ make test\n\n## License \n\n(The MIT License)\n\nCopyright (c) 2010 TJ Holowaychuk &lt;tj@vision-media.ca&gt;\n\nPermission is hereby granted, free of charge, to any person obtaining\na copy of this software and associated documentation files (the\n\'Software\'), to deal in the Software without restriction, including\nwithout limitation the rights to use, copy, modify, merge, publish,\ndistribute, sublicense, and/or sell copies of the Software, and to\npermit persons to whom the Software is furnished to do so, subject to\nthe following conditions:\n\nThe above copyright notice and this permission notice shall be\nincluded in all copies or substantial portions of the Software.\n\nTHE SOFTWARE IS PROVIDED \'AS IS\', WITHOUT WARRANTY OF ANY KIND,\nEXPRESS OR IMPLIED, INCLUDING BUT NOT LIMITED TO THE WARRANTIES OF\nMERCHANTABILITY, FITNESS FOR A PARTICULAR PURPOSE AND NONINFRINGEMENT.\nIN NO EVENT SHALL THE AUTHORS OR COPYRIGHT HOLDERS BE LIABLE FOR ANY\nCLAIM, DAMAGES OR OTHER LIABILITY, WHETHER IN AN ACTION OF CONTRACT,\nTORT OR OTHERWISE, ARISING FROM, OUT OF OR IN CONNECTION WITH THE\nSOFTWARE OR THE USE OR OTHER DEALINGS IN THE SOFTWARE.\n',
46 silly resolved     maintainers: [ [Object] ],
46 silly resolved     directories: {},
46 silly resolved     _shasum: 'c49850a74cea16ed94ba85637401d866c61b19f1',
46 silly resolved     _from: 'express-namespace@*',
46 silly resolved     _resolved: 'https://registry.npmjs.org/express-namespace/-/express-namespace-0.1.1.tgz' } ]
47 info install express-namespace@0.1.1 into /usr/lib
48 info installOne express-namespace@0.1.1
49 verbose lib/node_modules/express-namespace unbuild
50 verbose gentlyRm vacuuming /usr/lib/node_modules/express-namespace
51 verbose tar unpack /home/wlainer/.npm/express-namespace/0.1.1/package.tgz
52 silly lockFile 90329285-b-node-modules-express-namespace tar:///usr/lib/node_modules/express-namespace
53 verbose lock tar:///usr/lib/node_modules/express-namespace /home/wlainer/.npm/90329285-b-node-modules-express-namespace.lock
54 silly lockFile 5f32e402-ress-namespace-0-1-1-package-tgz tar:///home/wlainer/.npm/express-namespace/0.1.1/package.tgz
55 verbose lock tar:///home/wlainer/.npm/express-namespace/0.1.1/package.tgz /home/wlainer/.npm/5f32e402-ress-namespace-0-1-1-package-tgz.lock
56 verbose gentlyRm vacuuming /usr/lib/node_modules/express-namespace
57 silly gunzTarPerm modes [ '755', '644' ]
58 verbose fstream_path /usr/lib/node_modules/express-namespace
59 verbose fstream_type Directory
60 verbose fstream_class DirWriter
61 verbose stack Error: EACCES, mkdir '/usr/lib/node_modules/express-namespace'
62 verbose fstream_stack /usr/lib/node_modules/npm/node_modules/fstream/lib/dir-writer.js:36:23
62 verbose fstream_stack /usr/lib/node_modules/npm/node_modules/mkdirp/index.js:46:53
62 verbose fstream_stack Object.oncomplete (fs.js:107:15)
63 verbose cwd /home/wlainer/Projects/Nodejs
64 error Linux 3.16.2-1-ARCH
65 error argv "/usr/bin/node" "/usr/bin/npm" "install" "-g" "express-namespace"
66 error node v0.10.31
67 error npm  v2.0.0
68 error path /usr/lib/node_modules/express-namespace
69 error code EACCES
70 error errno 3
71 error Error: EACCES, mkdir '/usr/lib/node_modules/express-namespace'
71 error  { [Error: EACCES, mkdir '/usr/lib/node_modules/express-namespace']
71 error   errno: 3,
71 error   code: 'EACCES',
71 error   path: '/usr/lib/node_modules/express-namespace',
71 error   fstream_type: 'Directory',
71 error   fstream_path: '/usr/lib/node_modules/express-namespace',
71 error   fstream_class: 'DirWriter',
71 error   fstream_stack:
71 error    [ '/usr/lib/node_modules/npm/node_modules/fstream/lib/dir-writer.js:36:23',
71 error      '/usr/lib/node_modules/npm/node_modules/mkdirp/index.js:46:53',
71 error      'Object.oncomplete (fs.js:107:15)' ] }
72 error Please try running this command again as root/Administrator.
73 verbose exit [ 3, true ]
